#
# A fatal error has been detected by the Java Runtime Environment:
#
#  SIGSEGV (0xb) at pc=0x00000001115a8983, pid=92721, tid=1299
#
# JRE version: Java(TM) SE Runtime Environment (7.0_51-b13) (build 1.7.0_51-b13)
# Java VM: Java HotSpot(TM) 64-Bit Server VM (24.51-b03 mixed mode bsd-amd64 compressed oops)
# Problematic frame:
# C  [libglass.dylib+0x15983]  GlassScreenDidChangeScreenParameters+0x13
#
# Failed to write core dump. Core dumps have been disabled. To enable core dumping, try "ulimit -c unlimited" before starting Java again
#
# If you would like to submit a bug report, please visit:
#   http://bugreport.sun.com/bugreport/crash.jsp
#

---------------  T H R E A D  ---------------

Current thread is native thread

siginfo:si_signo=SIGSEGV: si_errno=0, si_code=1 (SEGV_MAPERR), si_addr=0x0000000000000000

Registers:
RAX=0x00000000000000b1, RBX=0x0000000000000000, RCX=0x80003ee1ed76f315, RDX=0x00007fff76bbf1f8
RSP=0x00007fff5b796f90, RBP=0x00007fff5b796fa0, RSI=0x0000010000000100, RDI=0x0000000000000000
R8 =0x00007fff5b796e30, R9 =0x00007fff7737e300, R10=0x0000000000000000, R11=0x0000000000000246
R12=0x00007fc7fa40e060, R13=0x00000000000f4268, R14=0x00007fc7fa659720, R15=0x00007fff5b7970e0
RIP=0x00000001115a8983, EFLAGS=0x0000000000010206, ERR=0x0000000000000004
  TRAPNO=0x000000000000000e

Top of Stack: (sp=0x00007fff5b796f90)
0x00007fff5b796f90:   00007fff5b797170 00007fc7fa40e060
0x00007fff5b796fa0:   00007fff5b796fb0 00007fff8d3cbcbc
0x00007fff5b796fb0:   00007fff5b797310 00007fff8d2bd1b4
0x00007fff5b796fc0:   00007fc7ffbdd800 0000000000000a00
0x00007fff5b796fd0:   0000000104480000 00007fc7fa6fc080
0x00007fff5b796fe0:   0000000000001001 0000000000000918
0x00007fff5b796ff0:   0000000000000004 00007fc7fa659720
0x00007fff5b797000:   0000000000000000 00007fff5b7970e0
0x00007fff5b797010:   0000000000000000 00007fc7fa659690
0x00007fff5b797020:   00007fff5b797160 0000000000000061
0x00007fff5b797030:   00000000000f430a 00007fc7fa73fe60
0x00007fff5b797040:   00007fc7fa71e690 00007fc7fa40e060
0x00007fff5b797050:   0000000000000001 00000000000f4268
0x00007fff5b797060:   00007fc7fa40e050 00007fff8a03bacb
0x00007fff5b797070:   0000000000000001 0000000000000001
0x00007fff5b797080:   0000000000000030 0000000000000001
0x00007fff5b797090:   00007fff5b7970b0 00007fff8a041231
0x00007fff5b7970a0:   00007fff76d60dd0 0000000000000000
0x00007fff5b7970b0:   00007fff5b7970d0 000000000000001e
0x00007fff5b7970c0:   0001ce0300000000 00007fc7fa40e084
0x00007fff5b7970d0:   0000000000000000 00007fff8d2b2c8f
0x00007fff5b7970e0:   00007fc7fa659720 00007fff76d60dd0
0x00007fff5b7970f0:   00007fff5b797170 00007fff8d2bb7bf
0x00007fff5b797100:   00007fc7fa4b6460 00007fc7fa46b090
0x00007fff5b797110:   0000000104483a00 0000000000000002
0x00007fff5b797120:   0000000104480000 00007fc7fa73f8e2
0x00007fff5b797130:   0000000000000003 0000000104484400
0x00007fff5b797140:   00007fff5b797230 00007fff8a03a2a2
0x00007fff5b797150:   00007fc7fa63b0c0 00007fff5b797318
0x00007fff5b797160:   0000000000000017 0000000000000000
0x00007fff5b797170:   00000000000f4268 00007fff8d2b2f83
0x00007fff5b797180:   00007fff00000000 00007fc7fa6402e0 

Instructions: (pc=0x00000001115a8983)
0x00000001115a8963:   90 90 90 90 90 90 90 90 90 90 90 90 90 55 48 89
0x00000001115a8973:   e5 48 89 5d f0 4c 89 65 f8 48 83 ec 10 48 89 fb
0x00000001115a8983:   48 8b 07 4c 8d 25 1b 49 03 00 48 8d 0d 3c 75 01
0x00000001115a8993:   00 48 8d 15 69 c8 01 00 49 8b 34 24 ff 90 88 03 

Register to memory mapping:

RAX=0x00000000000000b1 is an unknown value
RBX=0x0000000000000000 is an unknown value
RCX=0x80003ee1ed76f315 is an unknown value
RDX=0x00007fff76bbf1f8: __sFX+0x1c8 in /usr/lib/system/libsystem_c.dylib at 0x00007fff8c457000
RSP=0x00007fff5b796f90 is an unknown value
RBP=0x00007fff5b796fa0 is an unknown value
RSI=0x0000010000000100 is an unknown value
RDI=0x0000000000000000 is an unknown value
R8 =0x00007fff5b796e30 is an unknown value
R9 =0x00007fff7737e300: _thread+0 in /usr/lib/system/libsystem_pthread.dylib at 0x00007fff90464000
R10=0x0000000000000000 is an unknown value
R11=0x0000000000000246 is an unknown value
R12=0x00007fc7fa40e060 is an unknown value
R13=0x00000000000f4268 is an unknown value
R14=0x00007fc7fa659720 is an unknown value
R15=0x00007fff5b7970e0 is an unknown value


Stack: [0x00007fff5b71a000,0x00007fff5b79a000],  sp=0x00007fff5b796f90,  free space=499k
Native frames: (J=compiled Java code, j=interpreted, Vv=VM code, C=native code)
C  [libglass.dylib+0x15983]  GlassScreenDidChangeScreenParameters+0x13
C  [CoreFoundation+0x11ecbc]  __CFNOTIFICATIONCENTER_IS_CALLING_OUT_TO_AN_OBSERVER__+0xc
C  [CoreFoundation+0x101b4]  _CFXNotificationPost+0xc44
C  [Foundation+0x2ea1]  -[NSNotificationCenter postNotificationName:object:userInfo:]+0x42
C  [AppKit+0x362dee]  -[NSApplication _reactToScreenInvalidationImmediately:]+0x17b
C  [AppKit+0x362c2d]  __44-[NSApplication _reactToScreenInvalidation:]_block_invoke+0x4b
C  [CoreFoundation+0x8054c]  __CFRUNLOOP_IS_CALLING_OUT_TO_A_BLOCK__+0xc
C  [CoreFoundation+0x72655]  __CFRunLoopDoBlocks+0x155
C  [CoreFoundation+0x72196]  __CFRunLoopRun+0x716
C  [CoreFoundation+0x71838]  CFRunLoopRunSpecific+0x128
C  [java+0x73b0]  CreateExecutionEnvironment+0x367
C  [java+0x1b5c]  JLI_Launch+0x7a0
C  [java+0x770d]  main+0x65
C  [java+0x13b4]  start+0x34


---------------  P R O C E S S  ---------------

VM state:not at safepoint (normal execution)

VM Mutex/Monitor currently owned by a thread: None

Heap
 PSYoungGen      total 38912K, used 34944K [0x00000007d5500000, 0x00000007d8000000, 0x0000000800000000)
  eden space 33792K, 91% used [0x00000007d5500000,0x00000007d7351c40,0x00000007d7600000)
  from space 5120K, 76% used [0x00000007d7b00000,0x00000007d7ece638,0x00000007d8000000)
  to   space 5120K, 0% used [0x00000007d7600000,0x00000007d7600000,0x00000007d7b00000)
 ParOldGen       total 87040K, used 32K [0x0000000780000000, 0x0000000785500000, 0x00000007d5500000)
  object space 87040K, 0% used [0x0000000780000000,0x0000000780008000,0x0000000785500000)
 PSPermGen       total 21504K, used 13045K [0x000000077ae00000, 0x000000077c300000, 0x0000000780000000)
  object space 21504K, 60% used [0x000000077ae00000,0x000000077babd4c8,0x000000077c300000)

Card table byte_map: [0x0000000108a16000,0x0000000108e40000] byte_map_base: 0x0000000104e3f000

Polling page: 0x00000001045b8000

Code Cache  [0x0000000105956000, 0x0000000105c26000, 0x0000000108956000)
 total_blobs=1261 nmethods=737 adapters=477 free_code_cache=46352Kb largest_free_block=47419968

Compilation events (10 events):
Event: 11.106 Thread 0x00007fc7fa835800  755             com.sun.t2k.CompositeStrike::getStrikeSlot (123 bytes)
Event: 11.110 Thread 0x00007fc7fa835800 nmethod 755 0x0000000105c1a790 code [0x0000000105c1a920, 0x0000000105c1ace8]
Event: 11.171 Thread 0x00007fc7fa834000  756             com.sun.t2k.T2KFontStrike::drawAsShapes (5 bytes)
Event: 11.171 Thread 0x00007fc7fa834000 nmethod 756 0x0000000105c1a590 code [0x0000000105c1a6c0, 0x0000000105c1a718]
Event: 11.172 Thread 0x00007fc7fa835800  757             com.sun.t2k.CompositeStrike::drawAsShapes (11 bytes)
Event: 11.172 Thread 0x00007fc7fa835800 nmethod 757 0x0000000105c1a2d0 code [0x0000000105c1a420, 0x0000000105c1a4b8]
Event: 11.172 Thread 0x00007fc7fa835800  758             com.sun.javafx.sg.prism.NGTextHelper::getAttributes (5 bytes)
Event: 11.172 Thread 0x00007fc7fa835800 nmethod 758 0x0000000105c15210 code [0x0000000105c15340, 0x0000000105c153b8]
Event: 11.280 Thread 0x00007fc7fa835800  759             com.sun.javafx.sg.prism.NGGroup::clearDirty (21 bytes)
Event: 11.282 Thread 0x00007fc7fa835800 nmethod 759 0x0000000105c14e10 code [0x0000000105c14f60, 0x0000000105c150b8]

GC Heap History (8 events):
Event: 2.214 GC heap before
{Heap before GC invocations=1 (full 0):
 PSYoungGen      total 38912K, used 33792K [0x00000007d5500000, 0x00000007d8000000, 0x0000000800000000)
  eden space 33792K, 100% used [0x00000007d5500000,0x00000007d7600000,0x00000007d7600000)
  from space 5120K, 0% used [0x00000007d7b00000,0x00000007d7b00000,0x00000007d8000000)
  to   space 5120K, 0% used [0x00000007d7600000,0x00000007d7600000,0x00000007d7b00000)
 ParOldGen       total 87040K, used 0K [0x0000000780000000, 0x0000000785500000, 0x00000007d5500000)
  object space 87040K, 0% used [0x0000000780000000,0x0000000780000000,0x0000000785500000)
 PSPermGen       total 21504K, used 10527K [0x000000077ae00000, 0x000000077c300000, 0x0000000780000000)
  object space 21504K, 48% used [0x000000077ae00000,0x000000077b847ea0,0x000000077c300000)
Event: 2.223 GC heap after
Heap after GC invocations=1 (full 0):
 PSYoungGen      total 38912K, used 2935K [0x00000007d5500000, 0x00000007d8000000, 0x0000000800000000)
  eden space 33792K, 0% used [0x00000007d5500000,0x00000007d5500000,0x00000007d7600000)
  from space 5120K, 57% used [0x00000007d7600000,0x00000007d78ddde0,0x00000007d7b00000)
  to   space 5120K, 0% used [0x00000007d7b00000,0x00000007d7b00000,0x00000007d8000000)
 ParOldGen       total 87040K, used 8K [0x0000000780000000, 0x0000000785500000, 0x00000007d5500000)
  object space 87040K, 0% used [0x0000000780000000,0x0000000780002000,0x0000000785500000)
 PSPermGen       total 21504K, used 10527K [0x000000077ae00000, 0x000000077c300000, 0x0000000780000000)
  object space 21504K, 48% used [0x000000077ae00000,0x000000077b847ea0,0x000000077c300000)
}
Event: 5.362 GC heap before
{Heap before GC invocations=2 (full 0):
 PSYoungGen      total 38912K, used 36727K [0x00000007d5500000, 0x00000007d8000000, 0x0000000800000000)
  eden space 33792K, 100% used [0x00000007d5500000,0x00000007d7600000,0x00000007d7600000)
  from space 5120K, 57% used [0x00000007d7600000,0x00000007d78ddde0,0x00000007d7b00000)
  to   space 5120K, 0% used [0x00000007d7b00000,0x00000007d7b00000,0x00000007d8000000)
 ParOldGen       total 87040K, used 8K [0x0000000780000000, 0x0000000785500000, 0x00000007d5500000)
  object space 87040K, 0% used [0x0000000780000000,0x0000000780002000,0x0000000785500000)
 PSPermGen       total 21504K, used 12758K [0x000000077ae00000, 0x000000077c300000, 0x0000000780000000)
  object space 21504K, 59% used [0x000000077ae00000,0x000000077ba75818,0x000000077c300000)
Event: 5.369 GC heap after
Heap after GC invocations=2 (full 0):
 PSYoungGen      total 38912K, used 3817K [0x00000007d5500000, 0x00000007d8000000, 0x0000000800000000)
  eden space 33792K, 0% used [0x00000007d5500000,0x00000007d5500000,0x00000007d7600000)
  from space 5120K, 74% used [0x00000007d7b00000,0x00000007d7eba648,0x00000007d8000000)
  to   space 5120K, 0% used [0x00000007d7600000,0x00000007d7600000,0x00000007d7b00000)
 ParOldGen       total 87040K, used 16K [0x0000000780000000, 0x0000000785500000, 0x00000007d5500000)
  object space 87040K, 0% used [0x0000000780000000,0x0000000780004000,0x0000000785500000)
 PSPermGen       total 21504K, used 12758K [0x000000077ae00000, 0x000000077c300000, 0x0000000780000000)
  object space 21504K, 59% used [0x000000077ae00000,0x000000077ba75818,0x000000077c300000)
}
Event: 7.602 GC heap before
{Heap before GC invocations=3 (full 0):
 PSYoungGen      total 38912K, used 37609K [0x00000007d5500000, 0x00000007d8000000, 0x0000000800000000)
  eden space 33792K, 100% used [0x00000007d5500000,0x00000007d7600000,0x00000007d7600000)
  from space 5120K, 74% used [0x00000007d7b00000,0x00000007d7eba648,0x00000007d8000000)
  to   space 5120K, 0% used [0x00000007d7600000,0x00000007d7600000,0x00000007d7b00000)
 ParOldGen       total 87040K, used 16K [0x0000000780000000, 0x0000000785500000, 0x00000007d5500000)
  object space 87040K, 0% used [0x0000000780000000,0x0000000780004000,0x0000000785500000)
 PSPermGen       total 21504K, used 12883K [0x000000077ae00000, 0x000000077c300000, 0x0000000780000000)
  object space 21504K, 59% used [0x000000077ae00000,0x000000077ba94d40,0x000000077c300000)
Event: 7.609 GC heap after
Heap after GC invocations=3 (full 0):
 PSYoungGen      total 38912K, used 3833K [0x00000007d5500000, 0x00000007d8000000, 0x0000000800000000)
  eden space 33792K, 0% used [0x00000007d5500000,0x00000007d5500000,0x00000007d7600000)
  from space 5120K, 74% used [0x00000007d7600000,0x00000007d79be638,0x00000007d7b00000)
  to   space 5120K, 0% used [0x00000007d7b00000,0x00000007d7b00000,0x00000007d8000000)
 ParOldGen       total 87040K, used 24K [0x0000000780000000, 0x0000000785500000, 0x00000007d5500000)
  object space 87040K, 0% used [0x0000000780000000,0x0000000780006000,0x0000000785500000)
 PSPermGen       total 21504K, used 12883K [0x000000077ae00000, 0x000000077c300000, 0x0000000780000000)
  object space 21504K, 59% used [0x000000077ae00000,0x000000077ba94d40,0x000000077c300000)
}
Event: 9.678 GC heap before
{Heap before GC invocations=4 (full 0):
 PSYoungGen      total 38912K, used 37625K [0x00000007d5500000, 0x00000007d8000000, 0x0000000800000000)
  eden space 33792K, 100% used [0x00000007d5500000,0x00000007d7600000,0x00000007d7600000)
  from space 5120K, 74% used [0x00000007d7600000,0x00000007d79be638,0x00000007d7b00000)
  to   space 5120K, 0% used [0x00000007d7b00000,0x00000007d7b00000,0x00000007d8000000)
 ParOldGen       total 87040K, used 24K [0x0000000780000000, 0x0000000785500000, 0x00000007d5500000)
  object space 87040K, 0% used [0x0000000780000000,0x0000000780006000,0x0000000785500000)
 PSPermGen       total 21504K, used 13017K [0x000000077ae00000, 0x000000077c300000, 0x0000000780000000)
  object space 21504K, 60% used [0x000000077ae00000,0x000000077bab67c0,0x000000077c300000)
Event: 9.685 GC heap after
Heap after GC invocations=4 (full 0):
 PSYoungGen      total 38912K, used 3897K [0x00000007d5500000, 0x00000007d8000000, 0x0000000800000000)
  eden space 33792K, 0% used [0x00000007d5500000,0x00000007d5500000,0x00000007d7600000)
  from space 5120K, 76% used [0x00000007d7b00000,0x00000007d7ece638,0x00000007d8000000)
  to   space 5120K, 0% used [0x00000007d7600000,0x00000007d7600000,0x00000007d7b00000)
 ParOldGen       total 87040K, used 32K [0x0000000780000000, 0x0000000785500000, 0x00000007d5500000)
  object space 87040K, 0% used [0x0000000780000000,0x0000000780008000,0x0000000785500000)
 PSPermGen       total 21504K, used 13017K [0x000000077ae00000, 0x000000077c300000, 0x0000000780000000)
  object space 21504K, 60% used [0x000000077ae00000,0x000000077bab67c0,0x000000077c300000)
}

Deoptimization events (10 events):
Event: 5.383 Thread 0x00007fc7fb896800 Uncommon trap: reason=unreached action=reinterpret pc=0x0000000105a8f594 method=java.lang.ref.ReferenceQueue.poll()Ljava/lang/ref/Reference; @ 4
Event: 8.193 Thread 0x00007fc7fc03a800 Uncommon trap: reason=class_check action=maybe_recompile pc=0x0000000105ba226c method=com.sun.openpisces.Stroker.emitMoveTo(FF)V @ 6
Event: 8.193 Thread 0x00007fc7fc03a800 Uncommon trap: reason=class_check action=maybe_recompile pc=0x0000000105b4e190 method=com.sun.openpisces.Stroker$PolyStack.pop(Lcom/sun/javafx/geom/PathConsumer2D;)V @ 217
Event: 8.193 Thread 0x00007fc7fc03a800 Uncommon trap: reason=class_check action=maybe_recompile pc=0x0000000105ba226c method=com.sun.openpisces.Stroker.emitMoveTo(FF)V @ 6
Event: 8.193 Thread 0x00007fc7fc03a800 Uncommon trap: reason=class_check action=maybe_recompile pc=0x0000000105b4e190 method=com.sun.openpisces.Stroker$PolyStack.pop(Lcom/sun/javafx/geom/PathConsumer2D;)V @ 217
Event: 8.193 Thread 0x00007fc7fc03a800 Uncommon trap: reason=class_check action=maybe_recompile pc=0x0000000105ba226c method=com.sun.openpisces.Stroker.emitMoveTo(FF)V @ 6
Event: 8.193 Thread 0x00007fc7fc03a800 Uncommon trap: reason=class_check action=maybe_recompile pc=0x0000000105b4e190 method=com.sun.openpisces.Stroker$PolyStack.pop(Lcom/sun/javafx/geom/PathConsumer2D;)V @ 217
Event: 8.193 Thread 0x00007fc7fc03a800 Uncommon trap: reason=class_check action=maybe_recompile pc=0x0000000105ba226c method=com.sun.openpisces.Stroker.emitMoveTo(FF)V @ 6
Event: 8.193 Thread 0x00007fc7fc03a800 Uncommon trap: reason=class_check action=maybe_recompile pc=0x0000000105b4e190 method=com.sun.openpisces.Stroker$PolyStack.pop(Lcom/sun/javafx/geom/PathConsumer2D;)V @ 217
Event: 10.682 Thread 0x00007fc7fb896800 Uncommon trap: reason=unreached action=reinterpret pc=0x0000000105b91a84 method=com.sun.prism.impl.GlyphCache.addDataToQuad(Lcom/sun/prism/impl/GlyphCache$GlyphData;Lcom/sun/prism/impl/VertexBuffer;Lcom/sun/prism/Texture;FFFF)V @ 16

Internal exceptions (10 events):
Event: 8.855 Thread 0x00007fc7fc03a800 Threw 0x00000007d690f650 at /HUDSON/workspace/7u-2-build-macosx-x86_64/jdk7u51/527/hotspot/src/share/vm/prims/jvm.cpp:1244
Event: 8.858 Thread 0x00007fc7fc03a800 Threw 0x00000007d6913c90 at /HUDSON/workspace/7u-2-build-macosx-x86_64/jdk7u51/527/hotspot/src/share/vm/prims/jvm.cpp:1244
Event: 8.859 Thread 0x00007fc7fc03a800 Threw 0x00000007d6917fd0 at /HUDSON/workspace/7u-2-build-macosx-x86_64/jdk7u51/527/hotspot/src/share/vm/prims/jvm.cpp:1244
Event: 10.682 Thread 0x00007fc7fb896800 Implicit null exception at 0x0000000105b9156e to 0x0000000105b91a5d
Event: 11.594 Thread 0x00007fc7fc03a800 Threw 0x00000007d72c9cc0 at /HUDSON/workspace/7u-2-build-macosx-x86_64/jdk7u51/527/hotspot/src/share/vm/prims/jvm.cpp:1244
Event: 11.619 Thread 0x00007fc7fc03a800 Threw 0x00000007d72cd8d0 at /HUDSON/workspace/7u-2-build-macosx-x86_64/jdk7u51/527/hotspot/src/share/vm/prims/jvm.cpp:1244
Event: 11.624 Thread 0x00007fc7fb060000 Threw 0x00000007d72da0a0 at /HUDSON/workspace/7u-2-build-macosx-x86_64/jdk7u51/527/hotspot/src/share/vm/prims/jvm.cpp:1244
Event: 11.624 Thread 0x00007fc7fb060000 Threw 0x00000007d72de118 at /HUDSON/workspace/7u-2-build-macosx-x86_64/jdk7u51/527/hotspot/src/share/vm/prims/jvm.cpp:1244
Event: 11.625 Thread 0x00007fc7fb060000 Threw 0x00000007d72e1c20 at /HUDSON/workspace/7u-2-build-macosx-x86_64/jdk7u51/527/hotspot/src/share/vm/prims/jvm.cpp:1244
Event: 11.626 Thread 0x00007fc7fc03a800 Threw 0x00000007d72d22e8 at /HUDSON/workspace/7u-2-build-macosx-x86_64/jdk7u51/527/hotspot/src/share/vm/prims/jvm.cpp:1244

Events (10 events):
Event: 11.625 loading class 0x000000010dc27d60
Event: 11.625 loading class 0x000000010dc27d60 done
Event: 11.626 loading class 0x00007fc7fa62d160
Event: 11.626 loading class 0x00007fc7fa62d160 done
Event: 11.626 Thread 0x00007fc7fb060000 Thread exited: 0x00007fc7fb060000
Event: 11.626 Thread 0x00007fc7fb896800 Thread exited: 0x00007fc7fb896800
Event: 11.626 Thread 0x00007fc7fc003000 Thread exited: 0x00007fc7fc003000
Event: 11.626 Thread 0x00007fc7fb1cd000 Thread added: 0x00007fc7fb1cd000
Event: 11.637 Thread 0x00007fc7fb0df000 Thread exited: 0x00007fc7fb0df000
Event: 11.653 Thread 0x00007fc7fc03a800 Thread exited: 0x00007fc7fc03a800


Dynamic libraries:
0x0000000005837000 	/System/Library/Frameworks/Cocoa.framework/Versions/A/Cocoa
0x0000000005837000 	/System/Library/Frameworks/Security.framework/Versions/A/Security
0x0000000005837000 	/System/Library/Frameworks/ApplicationServices.framework/Versions/A/ApplicationServices
0x0000000005837000 	/usr/lib/libz.1.dylib
0x0000000005837000 	/usr/lib/libSystem.B.dylib
0x0000000005837000 	/usr/lib/libobjc.A.dylib
0x0000000005837000 	/System/Library/Frameworks/CoreFoundation.framework/Versions/A/CoreFoundation
0x0000000005837000 	/System/Library/Frameworks/Foundation.framework/Versions/C/Foundation
0x0000000005837000 	/System/Library/Frameworks/AppKit.framework/Versions/C/AppKit
0x0000000005837000 	/System/Library/Frameworks/CoreData.framework/Versions/A/CoreData
0x0000000005837000 	/System/Library/PrivateFrameworks/RemoteViewServices.framework/Versions/A/RemoteViewServices
0x0000000005837000 	/System/Library/PrivateFrameworks/UIFoundation.framework/Versions/A/UIFoundation
0x0000000005837000 	/System/Library/Frameworks/IOSurface.framework/Versions/A/IOSurface
0x0000000005837000 	/System/Library/Frameworks/AudioToolbox.framework/Versions/A/AudioToolbox
0x0000000005837000 	/System/Library/Frameworks/AudioUnit.framework/Versions/A/AudioUnit
0x0000000005837000 	/System/Library/PrivateFrameworks/DataDetectorsCore.framework/Versions/A/DataDetectorsCore
0x0000000005837000 	/System/Library/PrivateFrameworks/DesktopServicesPriv.framework/Versions/A/DesktopServicesPriv
0x0000000005837000 	/System/Library/Frameworks/Carbon.framework/Versions/A/Frameworks/HIToolbox.framework/Versions/A/HIToolbox
0x0000000005837000 	/System/Library/Frameworks/QuartzCore.framework/Versions/A/QuartzCore
0x0000000005837000 	/System/Library/Frameworks/Carbon.framework/Versions/A/Frameworks/SpeechRecognition.framework/Versions/A/SpeechRecognition
0x0000000005837000 	/usr/lib/libauto.dylib
0x0000000005837000 	/usr/lib/libicucore.A.dylib
0x0000000005837000 	/usr/lib/libxml2.2.dylib
0x0000000005837000 	/System/Library/PrivateFrameworks/CoreUI.framework/Versions/A/CoreUI
0x0000000005837000 	/System/Library/Frameworks/CoreAudio.framework/Versions/A/CoreAudio
0x0000000005837000 	/System/Library/Frameworks/DiskArbitration.framework/Versions/A/DiskArbitration
0x0000000005837000 	/usr/lib/liblangid.dylib
0x0000000005837000 	/System/Library/PrivateFrameworks/MultitouchSupport.framework/Versions/A/MultitouchSupport
0x0000000005837000 	/System/Library/Frameworks/IOKit.framework/Versions/A/IOKit
0x0000000005837000 	/usr/lib/libDiagnosticMessagesClient.dylib
0x0000000005837000 	/System/Library/Frameworks/CoreServices.framework/Versions/A/CoreServices
0x0000000005837000 	/System/Library/PrivateFrameworks/PerformanceAnalysis.framework/Versions/A/PerformanceAnalysis
0x0000000005837000 	/System/Library/PrivateFrameworks/GenerationalStorage.framework/Versions/A/GenerationalStorage
0x0000000005837000 	/System/Library/Frameworks/OpenGL.framework/Versions/A/OpenGL
0x0000000005837000 	/System/Library/PrivateFrameworks/Sharing.framework/Versions/A/Sharing
0x0000000005837000 	/System/Library/Frameworks/CoreGraphics.framework/Versions/A/CoreGraphics
0x0000000005837000 	/System/Library/Frameworks/CoreText.framework/Versions/A/CoreText
0x0000000005837000 	/System/Library/Frameworks/ImageIO.framework/Versions/A/ImageIO
0x0000000005837000 	/usr/lib/libextension.dylib
0x0000000005837000 	/System/Library/PrivateFrameworks/Backup.framework/Versions/A/Backup
0x0000000005837000 	/usr/lib/libarchive.2.dylib
0x0000000005837000 	/System/Library/Frameworks/CFNetwork.framework/Versions/A/CFNetwork
0x0000000005837000 	/System/Library/Frameworks/SystemConfiguration.framework/Versions/A/SystemConfiguration
0x0000000005837000 	/usr/lib/libCRFSuite.dylib
0x0000000005837000 	/usr/lib/libc++.1.dylib
0x0000000005837000 	/usr/lib/libc++abi.dylib
0x0000000005837000 	/usr/lib/system/libcache.dylib
0x0000000005837000 	/usr/lib/system/libcommonCrypto.dylib
0x0000000005837000 	/usr/lib/system/libcompiler_rt.dylib
0x0000000005837000 	/usr/lib/system/libcopyfile.dylib
0x0000000005837000 	/usr/lib/system/libcorecrypto.dylib
0x0000000005837000 	/usr/lib/system/libdispatch.dylib
0x0000000005837000 	/usr/lib/system/libdyld.dylib
0x0000000005837000 	/usr/lib/system/libkeymgr.dylib
0x0000000005837000 	/usr/lib/system/liblaunch.dylib
0x0000000005837000 	/usr/lib/system/libmacho.dylib
0x0000000005837000 	/usr/lib/system/libquarantine.dylib
0x0000000005837000 	/usr/lib/system/libremovefile.dylib
0x0000000005837000 	/usr/lib/system/libsystem_asl.dylib
0x0000000005837000 	/usr/lib/system/libsystem_blocks.dylib
0x0000000005837000 	/usr/lib/system/libsystem_c.dylib
0x0000000005837000 	/usr/lib/system/libsystem_configuration.dylib
0x0000000005837000 	/usr/lib/system/libsystem_coreservices.dylib
0x0000000005837000 	/usr/lib/system/libsystem_coretls.dylib
0x0000000005837000 	/usr/lib/system/libsystem_dnssd.dylib
0x0000000005837000 	/usr/lib/system/libsystem_info.dylib
0x0000000005837000 	/usr/lib/system/libsystem_kernel.dylib
0x0000000005837000 	/usr/lib/system/libsystem_m.dylib
0x0000000005837000 	/usr/lib/system/libsystem_malloc.dylib
0x0000000005837000 	/usr/lib/system/libsystem_network.dylib
0x0000000005837000 	/usr/lib/system/libsystem_networkextension.dylib
0x0000000005837000 	/usr/lib/system/libsystem_notify.dylib
0x0000000005837000 	/usr/lib/system/libsystem_platform.dylib
0x0000000005837000 	/usr/lib/system/libsystem_pthread.dylib
0x0000000005837000 	/usr/lib/system/libsystem_sandbox.dylib
0x0000000005837000 	/usr/lib/system/libsystem_secinit.dylib
0x0000000005837000 	/usr/lib/system/libsystem_stats.dylib
0x0000000005837000 	/usr/lib/system/libsystem_trace.dylib
0x0000000005837000 	/usr/lib/system/libunc.dylib
0x0000000005837000 	/usr/lib/system/libunwind.dylib
0x0000000005837000 	/usr/lib/system/libxpc.dylib
0x0000000005837000 	/usr/lib/libbz2.1.0.dylib
0x0000000005837000 	/usr/lib/liblzma.5.dylib
0x0000000005837000 	/usr/lib/libbsm.0.dylib
0x0000000005837000 	/usr/lib/libsqlite3.dylib
0x0000000005837000 	/usr/lib/system/libkxld.dylib
0x0000000005837000 	/usr/lib/libxar.1.dylib
0x0000000005837000 	/usr/lib/libpam.2.dylib
0x0000000005837000 	/usr/lib/libOpenScriptingUtil.dylib
0x0000000005837000 	/System/Library/Frameworks/CoreServices.framework/Versions/A/Frameworks/FSEvents.framework/Versions/A/FSEvents
0x0000000005837000 	/System/Library/Frameworks/CoreServices.framework/Versions/A/Frameworks/CarbonCore.framework/Versions/A/CarbonCore
0x0000000005837000 	/System/Library/Frameworks/CoreServices.framework/Versions/A/Frameworks/Metadata.framework/Versions/A/Metadata
0x0000000005837000 	/System/Library/Frameworks/CoreServices.framework/Versions/A/Frameworks/OSServices.framework/Versions/A/OSServices
0x0000000005837000 	/System/Library/Frameworks/CoreServices.framework/Versions/A/Frameworks/SearchKit.framework/Versions/A/SearchKit
0x0000000005837000 	/System/Library/Frameworks/CoreServices.framework/Versions/A/Frameworks/AE.framework/Versions/A/AE
0x0000000005837000 	/System/Library/Frameworks/CoreServices.framework/Versions/A/Frameworks/LaunchServices.framework/Versions/A/LaunchServices
0x0000000005837000 	/System/Library/Frameworks/CoreServices.framework/Versions/A/Frameworks/DictionaryServices.framework/Versions/A/DictionaryServices
0x0000000005837000 	/System/Library/Frameworks/NetFS.framework/Versions/A/NetFS
0x0000000005837000 	/System/Library/PrivateFrameworks/NetAuth.framework/Versions/A/NetAuth
0x0000000005837000 	/System/Library/PrivateFrameworks/login.framework/Versions/A/Frameworks/loginsupport.framework/Versions/A/loginsupport
0x0000000005837000 	/System/Library/PrivateFrameworks/TCC.framework/Versions/A/TCC
0x0000000005837000 	/usr/lib/libmecabra.dylib
0x0000000005837000 	/System/Library/PrivateFrameworks/LanguageModeling.framework/Versions/A/LanguageModeling
0x0000000005837000 	/usr/lib/libcmph.dylib
0x0000000005837000 	/usr/lib/libiconv.2.dylib
0x0000000005837000 	/System/Library/Frameworks/OpenDirectory.framework/Versions/A/Frameworks/CFOpenDirectory.framework/Versions/A/CFOpenDirectory
0x0000000005837000 	/System/Library/Frameworks/ServiceManagement.framework/Versions/A/ServiceManagement
0x0000000005837000 	/usr/lib/libxslt.1.dylib
0x0000000005837000 	/System/Library/Frameworks/Carbon.framework/Versions/A/Frameworks/Ink.framework/Versions/A/Ink
0x0000000005837000 	/System/Library/Frameworks/ApplicationServices.framework/Versions/A/Frameworks/ATS.framework/Versions/A/ATS
0x0000000005837000 	/System/Library/Frameworks/ApplicationServices.framework/Versions/A/Frameworks/ColorSync.framework/Versions/A/ColorSync
0x0000000005837000 	/System/Library/Frameworks/ApplicationServices.framework/Versions/A/Frameworks/HIServices.framework/Versions/A/HIServices
0x0000000005837000 	/System/Library/Frameworks/ApplicationServices.framework/Versions/A/Frameworks/LangAnalysis.framework/Versions/A/LangAnalysis
0x0000000005837000 	/System/Library/Frameworks/ApplicationServices.framework/Versions/A/Frameworks/PrintCore.framework/Versions/A/PrintCore
0x0000000005837000 	/System/Library/Frameworks/ApplicationServices.framework/Versions/A/Frameworks/QD.framework/Versions/A/QD
0x0000000005837000 	/System/Library/Frameworks/ApplicationServices.framework/Versions/A/Frameworks/SpeechSynthesis.framework/Versions/A/SpeechSynthesis
0x0000000005837000 	/System/Library/Frameworks/Accelerate.framework/Versions/A/Accelerate
0x0000000005837000 	/System/Library/Frameworks/Accelerate.framework/Versions/A/Frameworks/vImage.framework/Versions/A/vImage
0x0000000005837000 	/System/Library/Frameworks/Accelerate.framework/Versions/A/Frameworks/vecLib.framework/Versions/A/vecLib
0x0000000005837000 	/System/Library/Frameworks/Accelerate.framework/Versions/A/Frameworks/vecLib.framework/Versions/A/libvDSP.dylib
0x0000000005837000 	/System/Library/Frameworks/Accelerate.framework/Versions/A/Frameworks/vecLib.framework/Versions/A/libvMisc.dylib
0x0000000005837000 	/System/Library/Frameworks/Accelerate.framework/Versions/A/Frameworks/vecLib.framework/Versions/A/libLAPACK.dylib
0x0000000005837000 	/System/Library/Frameworks/Accelerate.framework/Versions/A/Frameworks/vecLib.framework/Versions/A/libBLAS.dylib
0x0000000005837000 	/System/Library/Frameworks/Accelerate.framework/Versions/A/Frameworks/vecLib.framework/Versions/A/libLinearAlgebra.dylib
0x0000000005837000 	/System/Library/Frameworks/ApplicationServices.framework/Versions/A/Frameworks/ATS.framework/Versions/A/Resources/libFontParser.dylib
0x0000000005837000 	/System/Library/Frameworks/ApplicationServices.framework/Versions/A/Frameworks/ATS.framework/Versions/A/Resources/libFontRegistry.dylib
0x0000000005837000 	/System/Library/PrivateFrameworks/AppleVPA.framework/Versions/A/AppleVPA
0x0000000005837000 	/System/Library/PrivateFrameworks/AppleJPEG.framework/Versions/A/AppleJPEG
0x0000000005837000 	/System/Library/Frameworks/ImageIO.framework/Versions/A/Resources/libJPEG.dylib
0x0000000005837000 	/System/Library/Frameworks/ImageIO.framework/Versions/A/Resources/libTIFF.dylib
0x0000000005837000 	/System/Library/Frameworks/ImageIO.framework/Versions/A/Resources/libPng.dylib
0x0000000005837000 	/System/Library/Frameworks/ImageIO.framework/Versions/A/Resources/libGIF.dylib
0x0000000005837000 	/System/Library/Frameworks/ImageIO.framework/Versions/A/Resources/libJP2.dylib
0x0000000005837000 	/System/Library/Frameworks/ImageIO.framework/Versions/A/Resources/libRadiance.dylib
0x0000000005837000 	/System/Library/Frameworks/CoreVideo.framework/Versions/A/CoreVideo
0x0000000005837000 	/System/Library/Frameworks/OpenGL.framework/Versions/A/Libraries/libGLU.dylib
0x0000000005837000 	/System/Library/Frameworks/OpenGL.framework/Versions/A/Libraries/libGFXShared.dylib
0x0000000005837000 	/System/Library/Frameworks/OpenGL.framework/Versions/A/Libraries/libGL.dylib
0x0000000005837000 	/System/Library/Frameworks/OpenGL.framework/Versions/A/Libraries/libGLImage.dylib
0x0000000005837000 	/System/Library/Frameworks/OpenGL.framework/Versions/A/Libraries/libCVMSPluginSupport.dylib
0x0000000005837000 	/System/Library/Frameworks/OpenGL.framework/Versions/A/Libraries/libCoreVMClient.dylib
0x0000000005837000 	/usr/lib/libcups.2.dylib
0x0000000005837000 	/System/Library/Frameworks/Kerberos.framework/Versions/A/Kerberos
0x0000000005837000 	/System/Library/Frameworks/GSS.framework/Versions/A/GSS
0x0000000005837000 	/usr/lib/libresolv.9.dylib
0x0000000005837000 	/System/Library/PrivateFrameworks/Heimdal.framework/Versions/A/Heimdal
0x0000000005837000 	/usr/lib/libheimdal-asn1.dylib
0x0000000005837000 	/System/Library/Frameworks/OpenDirectory.framework/Versions/A/OpenDirectory
0x0000000005837000 	/System/Library/PrivateFrameworks/CommonAuth.framework/Versions/A/CommonAuth
0x0000000005837000 	/System/Library/Frameworks/SecurityFoundation.framework/Versions/A/SecurityFoundation
0x0000000005837000 	/System/Library/Frameworks/QuartzCore.framework/Versions/A/Frameworks/CoreImage.framework/Versions/A/CoreImage
0x0000000005837000 	/System/Library/PrivateFrameworks/CrashReporterSupport.framework/Versions/A/CrashReporterSupport
0x0000000005837000 	/System/Library/Frameworks/OpenCL.framework/Versions/A/OpenCL
0x0000000005837000 	/System/Library/PrivateFrameworks/FaceCore.framework/Versions/A/FaceCore
0x0000000005837000 	/System/Library/PrivateFrameworks/Ubiquity.framework/Versions/A/Ubiquity
0x0000000005837000 	/System/Library/PrivateFrameworks/IconServices.framework/Versions/A/IconServices
0x0000000005837000 	/System/Library/PrivateFrameworks/ChunkingLibrary.framework/Versions/A/ChunkingLibrary
0x0000000005837000 	/System/Library/PrivateFrameworks/Apple80211.framework/Versions/A/Apple80211
0x0000000005837000 	/System/Library/Frameworks/CoreWLAN.framework/Versions/A/CoreWLAN
0x0000000005837000 	/System/Library/Frameworks/IOBluetooth.framework/Versions/A/IOBluetooth
0x0000000005837000 	/System/Library/PrivateFrameworks/CoreWiFi.framework/Versions/A/CoreWiFi
0x0000000005837000 	/System/Library/Frameworks/CoreBluetooth.framework/Versions/A/CoreBluetooth
0x0000000005837000 	/System/Library/PrivateFrameworks/DebugSymbols.framework/Versions/A/DebugSymbols
0x0000000005837000 	/System/Library/PrivateFrameworks/CoreSymbolication.framework/Versions/A/CoreSymbolication
0x0000000005837000 	/System/Library/PrivateFrameworks/Symbolication.framework/Versions/A/Symbolication
0x0000000005837000 	/System/Library/PrivateFrameworks/SpeechRecognitionCore.framework/Versions/A/SpeechRecognitionCore
0x0000000104e00000 	/Library/Java/JavaVirtualMachines/jdk1.7.0_51.jdk/Contents/Home/jre/lib/server/libjvm.dylib
0x0000000005837000 	/usr/lib/libstdc++.6.dylib
0x000000010457b000 	/Library/Java/JavaVirtualMachines/jdk1.7.0_51.jdk/Contents/Home/jre/lib/libverify.dylib
0x0000000104588000 	/Library/Java/JavaVirtualMachines/jdk1.7.0_51.jdk/Contents/Home/jre/lib/libjava.dylib
0x00000001045c2000 	/Library/Java/JavaVirtualMachines/jdk1.7.0_51.jdk/Contents/Home/jre/lib/libzip.dylib
0x000000010f199000 	/System/Library/Frameworks/JavaVM.framework/Frameworks/JavaRuntimeSupport.framework/JavaRuntimeSupport
0x000000010f1b1000 	/System/Library/Frameworks/JavaVM.framework/Versions/A/Frameworks/JavaNativeFoundation.framework/Versions/A/JavaNativeFoundation
0x000000010f1c6000 	/System/Library/Frameworks/JavaVM.framework/Versions/A/JavaVM
0x0000000005837000 	/System/Library/Frameworks/Carbon.framework/Versions/A/Carbon
0x000000010f1d3000 	/System/Library/PrivateFrameworks/JavaLaunching.framework/Versions/A/JavaLaunching
0x0000000005837000 	/System/Library/Frameworks/Carbon.framework/Versions/A/Frameworks/CommonPanels.framework/Versions/A/CommonPanels
0x0000000005837000 	/System/Library/Frameworks/Carbon.framework/Versions/A/Frameworks/Help.framework/Versions/A/Help
0x0000000005837000 	/System/Library/Frameworks/Carbon.framework/Versions/A/Frameworks/ImageCapture.framework/Versions/A/ImageCapture
0x0000000005837000 	/System/Library/Frameworks/Carbon.framework/Versions/A/Frameworks/OpenScripting.framework/Versions/A/OpenScripting
0x0000000005837000 	/System/Library/Frameworks/Carbon.framework/Versions/A/Frameworks/Print.framework/Versions/A/Print
0x0000000005837000 	/System/Library/Frameworks/Carbon.framework/Versions/A/Frameworks/SecurityHI.framework/Versions/A/SecurityHI
0x0000000111223000 	/Library/Java/JavaVirtualMachines/jdk1.7.0_51.jdk/Contents/Home/jre/lib/libprism-es2.dylib
0x0000000005837000 	/System/Library/Frameworks/OpenGL.framework/Versions/A/Resources/GLEngine.bundle/GLEngine
0x0000000005837000 	/System/Library/Frameworks/OpenGL.framework/Versions/A/Libraries/libGLProgrammability.dylib
0x0000000000000000 	/System/Library/Extensions/AppleIntelHD3000GraphicsGLDriver.bundle/Contents/MacOS/AppleIntelHD3000GraphicsGLDriver
0x000000011129b000 	/System/Library/PrivateFrameworks/GPUSupport.framework/Versions/A/Libraries/libGPUSupport.dylib
0x0000000005837000 	/System/Library/Frameworks/OpenGL.framework/Versions/A/Resources/GLRendererFloat.bundle/GLRendererFloat
0x0000000005837000 	/System/Library/Frameworks/OpenCL.framework/Versions/A/Libraries/libcldcpuengine.dylib
0x0000000005837000 	/System/Library/PrivateFrameworks/DiskImages.framework/Versions/A/DiskImages
0x0000000005837000 	/System/Library/Frameworks/DiscRecording.framework/Versions/A/DiscRecording
0x0000000005837000 	/usr/lib/libcsfde.dylib
0x0000000005837000 	/usr/lib/libcurl.4.dylib
0x0000000005837000 	/System/Library/PrivateFrameworks/MediaKit.framework/Versions/A/MediaKit
0x0000000005837000 	/System/Library/PrivateFrameworks/ProtectedCloudStorage.framework/Versions/A/ProtectedCloudStorage
0x0000000005837000 	/usr/lib/libCoreStorage.dylib
0x0000000005837000 	/System/Library/PrivateFrameworks/EFILogin.framework/Versions/A/EFILogin
0x0000000005837000 	/usr/lib/libutil.dylib
0x0000000005837000 	/System/Library/PrivateFrameworks/FindMyDevice.framework/Versions/A/FindMyDevice
0x0000000005837000 	/System/Library/Frameworks/LDAP.framework/Versions/A/LDAP
0x0000000005837000 	/usr/lib/libsasl2.2.dylib
0x0000000005837000 	/System/Library/PrivateFrameworks/CoreDaemon.framework/Versions/B/CoreDaemon
0x0000000005837000 	/usr/lib/libcrypto.0.9.8.dylib
0x0000000005837000 	/System/Library/PrivateFrameworks/AppleSRP.framework/Versions/A/AppleSRP
0x0000000005837000 	/System/Library/PrivateFrameworks/TrustEvaluationAgent.framework/Versions/A/TrustEvaluationAgent
0x0000000111593000 	/Library/Java/JavaVirtualMachines/jdk1.7.0_51.jdk/Contents/Home/jre/lib/libglass.dylib
0x0000000005837000 	/System/Library/PrivateFrameworks/CoreServicesInternal.framework/Versions/A/CoreServicesInternal
0x0000000005837000 	/System/Library/PrivateFrameworks/CloudDocs.framework/Versions/A/CloudDocs
0x0000000005837000 	/System/Library/PrivateFrameworks/CoreDuet.framework/Versions/A/CoreDuet
0x0000000005837000 	/System/Library/Frameworks/CloudKit.framework/Versions/A/CloudKit
0x0000000005837000 	/System/Library/PrivateFrameworks/ProtocolBuffer.framework/Versions/A/ProtocolBuffer
0x0000000005837000 	/System/Library/PrivateFrameworks/CoreDuetDaemonProtocol.framework/Versions/A/CoreDuetDaemonProtocol
0x0000000005837000 	/System/Library/PrivateFrameworks/CoreDuetDebugLogging.framework/Versions/A/CoreDuetDebugLogging
0x0000000005837000 	/System/Library/Frameworks/CoreLocation.framework/Versions/A/CoreLocation
0x0000000005837000 	/System/Library/Frameworks/Accounts.framework/Versions/A/Accounts
0x0000000005837000 	/System/Library/PrivateFrameworks/ApplePushService.framework/Versions/A/ApplePushService
0x0000000005837000 	/System/Library/PrivateFrameworks/GeoServices.framework/Versions/A/GeoServices
0x0000000005837000 	/System/Library/PrivateFrameworks/OAuth.framework/Versions/A/OAuth
0x0000000005837000 	/System/Library/Frameworks/CoreGraphics.framework/Versions/A/Resources/libCGCMS.A.dylib
0x0000000005837000 	/System/Library/CoreServices/RawCamera.bundle/Contents/MacOS/RawCamera
0x0000000005837000 	/System/Library/Frameworks/CoreGraphics.framework/Versions/A/Resources/libRIP.A.dylib
0x0000000005837000 	/System/Library/PrivateFrameworks/FamilyControls.framework/Versions/A/FamilyControls
0x0000000005837000 	/System/Library/PrivateFrameworks/CommerceKit.framework/Versions/A/Frameworks/CommerceCore.framework/Versions/A/CommerceCore
0x0000000005837000 	/System/Library/PrivateFrameworks/SystemAdministration.framework/Versions/A/SystemAdministration
0x0000000005837000 	/System/Library/PrivateFrameworks/AppContainer.framework/Versions/A/AppContainer
0x0000000005837000 	/System/Library/PrivateFrameworks/SecCodeWrapper.framework/Versions/A/SecCodeWrapper
0x0000000005837000 	/System/Library/Frameworks/DirectoryService.framework/Versions/A/DirectoryService
0x0000000005837000 	/System/Library/PrivateFrameworks/LoginUIKit.framework/Versions/A/Frameworks/LoginUICore.framework/Versions/A/LoginUICore
0x0000000005837000 	/usr/lib/libodfde.dylib
0x0000000114237000 	/Library/Java/JavaVirtualMachines/jdk1.7.0_51.jdk/Contents/Home/jre/lib/libjavafx-font.dylib
0x0000000005837000 	/System/Library/Frameworks/CoreGraphics.framework/Versions/A/Resources/libCGXType.A.dylib
0x00000001110b7000 	/Library/Java/JavaVirtualMachines/jdk1.7.0_51.jdk/Contents/Home/jre/lib/libnet.dylib
0x0000000112b71000 	/Library/Java/JavaVirtualMachines/jdk1.7.0_51.jdk/Contents/Home/jre/lib/libnio.dylib

VM Arguments:
jvm_args: -Dfile.encoding=US-ASCII 
java_command: org.eclipse.tutorials.mqtt.Main
Launcher Type: SUN_STANDARD

Environment Variables:
PATH=/usr/bin:/bin:/usr/sbin:/sbin
SHELL=/bin/bash
DISPLAY=/private/tmp/com.apple.launchd.XSm5Xlf4Ce/org.macosforge.xquartz:0

Signal Handlers:
SIGSEGV: [libjvm.dylib+0x525425], sa_mask[0]=0xfffefeff, sa_flags=0x00000043
SIGBUS: [libjvm.dylib+0x525425], sa_mask[0]=0xfffefeff, sa_flags=0x00000042
SIGFPE: [libjvm.dylib+0x41892a], sa_mask[0]=0xfffefeff, sa_flags=0x00000042
SIGPIPE: [libjvm.dylib+0x41892a], sa_mask[0]=0xfffefeff, sa_flags=0x00000042
SIGXFSZ: [libjvm.dylib+0x41892a], sa_mask[0]=0xfffefeff, sa_flags=0x00000042
SIGILL: [libjvm.dylib+0x41892a], sa_mask[0]=0xfffefeff, sa_flags=0x00000042
SIGUSR1: SIG_DFL, sa_mask[0]=0x00000000, sa_flags=0x00000000
SIGUSR2: [libjvm.dylib+0x41841c], sa_mask[0]=0x00000004, sa_flags=0x00000042
SIGHUP: [libjvm.dylib+0x4166ab], sa_mask[0]=0xfffefeff, sa_flags=0x00000042
SIGINT: [libjvm.dylib+0x4166ab], sa_mask[0]=0xfffefeff, sa_flags=0x00000042
SIGTERM: [libjvm.dylib+0x4166ab], sa_mask[0]=0xfffefeff, sa_flags=0x00000042
SIGQUIT: [libjvm.dylib+0x4166ab], sa_mask[0]=0xfffefeff, sa_flags=0x00000042


---------------  S Y S T E M  ---------------

OS:Bsduname:Darwin 14.0.0 Darwin Kernel Version 14.0.0: Fri Sep 19 00:26:44 PDT 2014; root:xnu-2782.1.97~2/RELEASE_X86_64 x86_64
rlimit: STACK 8192k, CORE 0k, NPROC 709, NOFILE 10240, AS infinity
load average:2.12 1.85 1.75

CPU:total 4 (2 cores per cpu, 2 threads per core) family 6 model 42 stepping 7, cmov, cx8, fxsr, mmx, sse, sse2, sse3, ssse3, sse4.1, sse4.2, popcnt, avx, aes, ht, tsc, tscinvbit

Memory: 4k page, physical 8388608k(2097152k free)

/proc/meminfo:


vm_info: Java HotSpot(TM) 64-Bit Server VM (24.51-b03) for bsd-amd64 JRE (1.7.0_51-b13), built on Dec 18 2013 18:45:56 by "java_re" with gcc 4.2.1 (Based on Apple Inc. build 5658) (LLVM build 2336.11.00)

time: Tue Feb 10 10:18:35 2015
elapsed time: 29 seconds

